#
# There is insufficient memory for the Java Runtime Environment to continue.
# Native memory allocation (mmap) failed to map 121634816 bytes for Failed to commit area from 0x000000008ca00000 to 0x0000000093e00000 of length 121634816.
# Possible reasons:
#   The system is out of physical RAM or swap space
#   The process is running with CompressedOops enabled, and the Java Heap may be blocking the growth of the native heap
# Possible solutions:
#   Reduce memory load on the system
#   Increase physical memory or swap space
#   Check if swap backing store is full
#   Decrease Java heap size (-Xmx/-Xms)
#   Decrease number of Java threads
#   Decrease Java thread stack sizes (-Xss)
#   Set larger code cache with -XX:ReservedCodeCacheSize=
# This output file may be truncated or incomplete.
#
#  Out of Memory Error (./open/src/hotspot/os/windows/os_windows.cpp:3298), pid=19096, tid=16856
#
# JRE version:  (11.0.24+7) (build )
# Java VM: Java HotSpot(TM) 64-Bit Server VM (11.0.24+7-LTS-271, mixed mode, sharing, tiered, compressed oops, g1 gc, windows-amd64)
# No core dump will be written. Minidumps are not enabled by default on client versions of Windows
#

---------------  S U M M A R Y ------------

Command Line: 

Host: AMD Ryzen 5 7535HS with Radeon Graphics        , 12 cores, 7G,  Windows 11 , 64 bit Build 26100 (10.0.26100.2454)
Time: Fri Feb  7 20:42:18 2025 SE Asia Standard Time elapsed time: 0.035149 seconds (0d 0h 0m 0s)

---------------  T H R E A D  ---------------

Current thread (0x000001d0ee71d800):  JavaThread "Unknown thread" [_thread_in_vm, id=16856, stack(0x000000bf74c00000,0x000000bf74d00000)]

Stack: [0x000000bf74c00000,0x000000bf74d00000]
Native frames: (J=compiled Java code, j=interpreted, Vv=VM code, C=native code)
V  [jvm.dll+0x657ffa]
V  [jvm.dll+0x799f7f]
V  [jvm.dll+0x79b649]
V  [jvm.dll+0x79bcf3]
V  [jvm.dll+0x255535]
V  [jvm.dll+0x655359]
V  [jvm.dll+0x64a175]
V  [jvm.dll+0x3100ad]
V  [jvm.dll+0x30ff12]
V  [jvm.dll+0x314c96]
V  [jvm.dll+0x358200]
V  [jvm.dll+0x357c72]
V  [jvm.dll+0x2eb1a8]
V  [jvm.dll+0x2ec2c5]
V  [jvm.dll+0x7734e7]
V  [jvm.dll+0x774d6f]
V  [jvm.dll+0x365369]
V  [jvm.dll+0x757b9f]
V  [jvm.dll+0x3d7167]
V  [jvm.dll+0x3d9291]
C  [jli.dll+0x52e7]
C  [ucrtbase.dll+0x14ea0]
C  [KERNEL32.DLL+0x2e8d7]
C  [ntdll.dll+0xdfbcc]


---------------  P R O C E S S  ---------------

Threads class SMR info:
_java_thread_list=0x000001d0ecd5ed80, length=0, elements={
}

Java Threads: ( => current thread )

Other Threads:
  0x000001d0ee735000 GCTaskThread "GC Thread#0" [stack: 0x000000bf74d00000,0x000000bf74e00000] [id=4972]
  0x000001d0ee762000 ConcurrentGCThread "G1 Main Marker" [stack: 0x000000bf74e00000,0x000000bf74f00000] [id=22508]
  0x000001d0ee764000 ConcurrentGCThread "G1 Conc#0" [stack: 0x000000bf74f00000,0x000000bf75000000] [id=2456]

[error occurred during error reporting (printing all threads), id 0xc0000005, EXCEPTION_ACCESS_VIOLATION (0xc0000005) at pc=0x00007ffae4a6b867]

VM state:not at safepoint (not fully initialized)

VM Mutex/Monitor currently owned by a thread:  ([mutex/lock_event])
[0x000001d0ee71cf00] Heap_lock - owner thread: 0x000001d0ee71d800

Heap address: 0x000000008ca00000, size: 1846 MB, Compressed Oops mode: Non-zero based: 0x000000008ca00000
Narrow klass base: 0x0000000000000000, Narrow klass shift: 0

GC Heap History (0 events):
No events

Deoptimization events (0 events):
No events

Classes redefined (0 events):
No events

Internal exceptions (0 events):
No events

Events (0 events):
No events


Dynamic libraries:
0x00007ff601780000 - 0x00007ff601790000 	C:\Program Files\Java\jdk-11\bin\java.exe
0x00007ffba36c0000 - 0x00007ffba3923000 	C:\WINDOWS\SYSTEM32\ntdll.dll
0x00007ffba2020000 - 0x00007ffba20e8000 	C:\WINDOWS\System32\KERNEL32.DLL
0x00007ffba0f90000 - 0x00007ffba1342000 	C:\WINDOWS\System32\KERNELBASE.dll
0x00007ffb9d230000 - 0x00007ffb9d2cc000 	C:\WINDOWS\SYSTEM32\apphelp.dll
0x00007ffba0c40000 - 0x00007ffba0d8b000 	C:\WINDOWS\System32\ucrtbase.dll
0x00007ffb61800000 - 0x00007ffb61819000 	C:\Program Files\Java\jdk-11\bin\jli.dll
0x00007ffb63290000 - 0x00007ffb632ab000 	C:\Program Files\Java\jdk-11\bin\VCRUNTIME140.dll
0x00007ffba33f0000 - 0x00007ffba34a4000 	C:\WINDOWS\System32\ADVAPI32.dll
0x00007ffba35d0000 - 0x00007ffba3679000 	C:\WINDOWS\System32\msvcrt.dll
0x00007ffba1f70000 - 0x00007ffba2016000 	C:\WINDOWS\System32\sechost.dll
0x00007ffba18f0000 - 0x00007ffba1a06000 	C:\WINDOWS\System32\RPCRT4.dll
0x00007ffba1ce0000 - 0x00007ffba1ea8000 	C:\WINDOWS\System32\USER32.dll
0x00007ffba0a90000 - 0x00007ffba0ab7000 	C:\WINDOWS\System32\win32u.dll
0x00007ffb89f20000 - 0x00007ffb8a1b0000 	C:\WINDOWS\WinSxS\amd64_microsoft.windows.common-controls_6595b64144ccf1df_6.0.26100.2454_none_3e0b68a2e331ad60\COMCTL32.dll
0x00007ffba35a0000 - 0x00007ffba35ca000 	C:\WINDOWS\System32\GDI32.dll
0x00007ffba1350000 - 0x00007ffba147b000 	C:\WINDOWS\System32\gdi32full.dll
0x00007ffba0e50000 - 0x00007ffba0ef3000 	C:\WINDOWS\System32\msvcp_win.dll
0x00007ffb943b0000 - 0x00007ffb943bb000 	C:\WINDOWS\SYSTEM32\VERSION.dll
0x00007ffba18b0000 - 0x00007ffba18df000 	C:\WINDOWS\System32\IMM32.DLL
0x00007ffb87cc0000 - 0x00007ffb87ccc000 	C:\Program Files\Java\jdk-11\bin\vcruntime140_1.dll
0x00007ffb24bb0000 - 0x00007ffb24c3e000 	C:\Program Files\Java\jdk-11\bin\msvcp140.dll
0x00007ffae4770000 - 0x00007ffae52d2000 	C:\Program Files\Java\jdk-11\bin\server\jvm.dll
0x00007ffba22c0000 - 0x00007ffba22c8000 	C:\WINDOWS\System32\PSAPI.DLL
0x00007ffb853c0000 - 0x00007ffb853ca000 	C:\WINDOWS\SYSTEM32\WSOCK32.dll
0x00007ffba2a40000 - 0x00007ffba2ab4000 	C:\WINDOWS\System32\WS2_32.dll
0x00007ffb94600000 - 0x00007ffb94636000 	C:\WINDOWS\SYSTEM32\WINMM.dll
0x00007ffb9f940000 - 0x00007ffb9f95a000 	C:\WINDOWS\SYSTEM32\kernel.appcore.dll
0x00007ffb84220000 - 0x00007ffb84230000 	C:\Program Files\Java\jdk-11\bin\verify.dll
0x00007ffb91f90000 - 0x00007ffb921d1000 	C:\WINDOWS\SYSTEM32\DBGHELP.DLL
0x00007ffba1520000 - 0x00007ffba189e000 	C:\WINDOWS\System32\combase.dll
0x00007ffba1b10000 - 0x00007ffba1be6000 	C:\WINDOWS\System32\OLEAUT32.dll
0x00007ffb62610000 - 0x00007ffb62649000 	C:\WINDOWS\SYSTEM32\dbgcore.DLL
0x00007ffba1480000 - 0x00007ffba1519000 	C:\WINDOWS\System32\bcryptPrimitives.dll
0x00007ffb59840000 - 0x00007ffb59868000 	C:\Program Files\Java\jdk-11\bin\java.dll
0x00007ffb84200000 - 0x00007ffb8420a000 	C:\Program Files\Java\jdk-11\bin\jimage.dll
0x00007ffb5e470000 - 0x00007ffb5e487000 	C:\Program Files\Java\jdk-11\bin\zip.dll

dbghelp: loaded successfully - version: 4.0.5 - missing functions: none
symbol engine: initialized successfully - sym options: 0x614 - pdb path: .;C:\Program Files\Java\jdk-11\bin;C:\WINDOWS\SYSTEM32;C:\WINDOWS\WinSxS\amd64_microsoft.windows.common-controls_6595b64144ccf1df_6.0.26100.2454_none_3e0b68a2e331ad60;C:\Program Files\Java\jdk-11\bin\server

VM Arguments:
java_command: <unknown>
java_class_path (initial): <not set>
Launcher Type: SUN_STANDARD

[Global flags]
     intx CICompilerCount                          = 4                                         {product} {ergonomic}
     uint ConcGCThreads                            = 3                                         {product} {ergonomic}
     uint G1ConcRefinementThreads                  = 10                                        {product} {ergonomic}
   size_t G1HeapRegionSize                         = 1048576                                   {product} {ergonomic}
    uintx GCDrainStackTargetSize                   = 64                                        {product} {ergonomic}
   size_t InitialHeapSize                          = 121634816                                 {product} {ergonomic}
   size_t MarkStackSize                            = 4194304                                   {product} {ergonomic}
   size_t MaxHeapSize                              = 1935671296                                {product} {ergonomic}
   size_t MinHeapDeltaBytes                        = 1048576                                   {product} {ergonomic}
    uintx NonNMethodCodeHeapSize                   = 5836300                                {pd product} {ergonomic}
    uintx NonProfiledCodeHeapSize                  = 122910970                              {pd product} {ergonomic}
    uintx ProfiledCodeHeapSize                     = 122910970                              {pd product} {ergonomic}
    uintx ReservedCodeCacheSize                    = 251658240                              {pd product} {ergonomic}
     bool SegmentedCodeCache                       = true                                      {product} {ergonomic}
     bool UseCompressedClassPointers               = true                                 {lp64_product} {ergonomic}
     bool UseCompressedOops                        = true                                 {lp64_product} {ergonomic}
     bool UseG1GC                                  = true                                      {product} {ergonomic}
     bool UseLargePagesIndividualAllocation        = false                                  {pd product} {ergonomic}

Logging:
Log output configuration:
 #0: stdout all=warning uptime,level,tags
 #1: stderr all=off uptime,level,tags

Environment Variables:
PATH=C:\Program Files\Common Files\Oracle\Java\javapath;C:\Program Files (x86)\Common Files\Oracle\Java\java8path;C:\Program Files (x86)\Common Files\Oracle\Java\javapath;C:\WINDOWS\system32;C:\WINDOWS;C:\WINDOWS\System32\Wbem;C:\WINDOWS\System32\WindowsPowerShell\v1.0\;C:\WINDOWS\System32\OpenSSH\;C:\Program Files\Git\cmd;C:\Program Files\Microsoft SQL Server\150\Tools\Binn\;C:\Program Files\Microsoft SQL Server\Client SDK\ODBC\170\Tools\Binn\;C:\Program Files\dotnet\;C:\Program Files (x86)\Microsoft SQL Server\160\Tools\Binn\;C:\Program Files\Microsoft SQL Server\160\Tools\Binn\;C:\Program Files\Microsoft SQL Server\160\DTS\Binn\;C:\Program Files\IBM\SPSS\Statistics\25\JRE\bin;C:\ProgramData\ComposerSetup\bin;C:\Program Files\nodejs\;C:\Program Files\Cloudflare\Cloudflare WARP\;C:\Users\Rival\AppData\Local\Microsoft\WindowsApps;C:\Users\Rival\AppData\Local\Programs\Microsoft VS Code\bin;C:\npm-global;C:\Users\Rival\AppData\Local\GitHubDesktop\bin;C:\Users\Rival\.dotnet\tools;C:\Users\Rival\AppData\Roaming\Composer\vendor\bin;C:\php-8.3.7\php.exe;C:\xampp\php;C:\Users\Rival\AppData\Roaming\npm;C:\Users\Rival\EMV\Scripts\python.exe;
USERNAME=Rival
OS=Windows_NT
PROCESSOR_IDENTIFIER=AMD64 Family 25 Model 68 Stepping 1, AuthenticAMD



---------------  S Y S T E M  ---------------

OS: Windows 11 , 64 bit Build 26100 (10.0.26100.2454)

CPU:total 12 (initial active 12) (12 cores per cpu, 2 threads per core) family 25 model 68 stepping 1 microcode 0xa404102, cmov, cx8, fxsr, mmx, sse, sse2, sse3, ssse3, sse4.1, sse4.2, popcnt, avx, avx2, aes, clmul, erms, mmxext, 3dnowpref, lzcnt, sse4a, ht, tsc, tscinvbit, tscinv, bmi1, bmi2, adx, sha, fma

Memory: 4k page, system-wide physical 7379M (697M free)
TotalPageFile size 16070M (AvailPageFile size 96M)
current process WorkingSet (physical memory assigned to process): 13M, peak: 13M
current process commit charge ("private bytes"): 64M, peak: 180M

vm_info: Java HotSpot(TM) 64-Bit Server VM (11.0.24+7-LTS-271) for windows-amd64 JRE (11.0.24+7-LTS-271), built on Jun  5 2024 06:54:11 by "mach5one" with MS VC++ 17.6 (VS2022)

END.
